-------------------------------------------------------------------------------
Test set: com.test.TestCase
-------------------------------------------------------------------------------
Tests run: 17, Failures: 1, Errors: 0, Skipped: 0, Time elapsed: 60.208 sec <<< FAILURE! - in com.test.TestCase
Q_getEvent on Q_getEvent(com.test.TestCase)(com.test.TestCase)  Time elapsed: 4.532 sec  <<< FAILURE!
java.lang.AssertionError: 1 expectation failed.
Expected status code <200> but was <422>.

	at io.restassured.internal.ResponseSpecificationImpl.validateResponseIfRequired(ResponseSpecificationImpl.groovy:636)
	at io.restassured.internal.ResponseSpecificationImpl.statusCode(ResponseSpecificationImpl.groovy:122)
	at io.restassured.internal.ResponseSpecificationImpl.statusCode(ResponseSpecificationImpl.groovy:130)
	at io.restassured.internal.ValidatableResponseOptionsImpl.statusCode(ValidatableResponseOptionsImpl.java:117)
	at com.methods.ApiMethods.addAppointment(ApiMethods.java:486)
	at com.methods.ApiMethods.getEvent(ApiMethods.java:521)
	at com.test.TestCase.Q_getEvent(TestCase.java:107)

