{"name":"N_addPet","id":"com.test.TestCase:N_addPet","testCaseName":"com.test.TestCase","testSteps":[{"number":1,"description":"Login access","duration":856,"startTime":"2020-02-25T12:09:39.978+05:30[Asia/Kolkata]","result":"SUCCESS","precondition":false,"children":[{"number":2,"description":"Generatetoken","duration":207,"startTime":"2020-02-25T12:09:39.978+05:30[Asia/Kolkata]","result":"SUCCESS","precondition":false}]},{"number":3,"description":"Login access","duration":769,"startTime":"2020-02-25T12:09:40.980+05:30[Asia/Kolkata]","result":"SUCCESS","precondition":false,"children":[{"number":4,"description":"Generatetoken","duration":214,"startTime":"2020-02-25T12:09:40.981+05:30[Asia/Kolkata]","result":"SUCCESS","precondition":false}]},{"number":5,"description":"Add pet","duration":3,"startTime":"2020-02-25T12:09:41.910+05:30[Asia/Kolkata]","exception":{"errorType":"java.lang.AssertionError","message":"1 expectation failed.\nExpected status code \u003c200\u003e but was \u003c503\u003e.\n","stackTrace":[{"declaringClass":"io.restassured.internal.ResponseSpecificationImpl","methodName":"validateResponseIfRequired","fileName":"ResponseSpecificationImpl.groovy","lineNumber":636},{"declaringClass":"io.restassured.internal.ResponseSpecificationImpl","methodName":"statusCode","fileName":"ResponseSpecificationImpl.groovy","lineNumber":122},{"declaringClass":"io.restassured.internal.ResponseSpecificationImpl","methodName":"statusCode","fileName":"ResponseSpecificationImpl.groovy","lineNumber":130},{"declaringClass":"io.restassured.internal.ValidatableResponseOptionsImpl","methodName":"statusCode","fileName":"ValidatableResponseOptionsImpl.java","lineNumber":117},{"declaringClass":"com.methods.ApiMethods","methodName":"addPet","fileName":"ApiMethods.java","lineNumber":598},{"declaringClass":"com.test.TestCase","methodName":"N_addPet","fileName":"TestCase.java","lineNumber":110}]},"result":"FAILURE","precondition":false}],"userStory":{"id":"com.test.TestCase","storyName":"Test case","storyClassName":"com.test.TestCase","path":"com.test","type":"story"},"featureTag":{"name":"Test/Test case","type":"story"},"title":"N add pet","tags":[{"name":"Test/Test case","type":"story"}],"startTime":"2020-02-25T12:09:39.976+05:30[Asia/Kolkata]","duration":1941,"testFailureCause":{"errorType":"java.lang.AssertionError","message":"1 expectation failed.\nExpected status code \u003c200\u003e but was \u003c503\u003e.\n","stackTrace":[{"declaringClass":"io.restassured.internal.ResponseSpecificationImpl","methodName":"validateResponseIfRequired","fileName":"ResponseSpecificationImpl.groovy","lineNumber":636},{"declaringClass":"io.restassured.internal.ResponseSpecificationImpl","methodName":"statusCode","fileName":"ResponseSpecificationImpl.groovy","lineNumber":122},{"declaringClass":"io.restassured.internal.ResponseSpecificationImpl","methodName":"statusCode","fileName":"ResponseSpecificationImpl.groovy","lineNumber":130},{"declaringClass":"io.restassured.internal.ValidatableResponseOptionsImpl","methodName":"statusCode","fileName":"ValidatableResponseOptionsImpl.java","lineNumber":117},{"declaringClass":"com.methods.ApiMethods","methodName":"addPet","fileName":"ApiMethods.java","lineNumber":598},{"declaringClass":"com.test.TestCase","methodName":"N_addPet","fileName":"TestCase.java","lineNumber":110}]},"testFailureClassname":"java.lang.AssertionError","testFailureMessage":"1 expectation failed.\nExpected status code \u003c200\u003e but was \u003c503\u003e.\n","testFailureSummary":"FAILURE;java.lang.AssertionError;1 expectation failed.\nExpected status code \u003c200\u003e but was \u003c503\u003e.\n;ResponseSpecificationImpl.groovy","projectKey":"","annotatedResult":"FAILURE","manual":false,"testSource":"JUnit","result":"FAILURE"}